0 info it worked if it ends with ok
1 verbose cli [ '/usr/local/Cellar/node/7.7.3/bin/node',
1 verbose cli   '/usr/local/bin/npm',
1 verbose cli   'run',
1 verbose cli   'test' ]
2 info using npm@4.1.2
3 info using node@v7.7.3
4 verbose run-script [ 'pretest', 'test', 'posttest' ]
5 info lifecycle nestedtypes@2.0.0-rc990~pretest: nestedtypes@2.0.0-rc990
6 silly lifecycle nestedtypes@2.0.0-rc990~pretest: no script for pretest, continuing
7 info lifecycle nestedtypes@2.0.0-rc990~test: nestedtypes@2.0.0-rc990
8 verbose lifecycle nestedtypes@2.0.0-rc990~test: unsafe-perm in lifecycle true
9 verbose lifecycle nestedtypes@2.0.0-rc990~test: PATH: /usr/local/lib/node_modules/npm/bin/node-gyp-bin:/Users/vlad.balin/GitHub/NestedTypes/node_modules/.bin:/usr/local/bin:/usr/bin:/bin:/usr/sbin:/sbin:/Users/vlad.balin/.rvm/bin:/Users/vlad.balin/.rvm/bin
10 verbose lifecycle nestedtypes@2.0.0-rc990~test: CWD: /Users/vlad.balin/GitHub/NestedTypes
11 silly lifecycle nestedtypes@2.0.0-rc990~test: Args: [ '-c', 'mocha' ]
12 silly lifecycle nestedtypes@2.0.0-rc990~test: Returned: code: 1  signal: null
13 info lifecycle nestedtypes@2.0.0-rc990~test: Failed to exec test script
14 verbose stack Error: nestedtypes@2.0.0-rc990 test: `mocha`
14 verbose stack Exit status 1
14 verbose stack     at EventEmitter.<anonymous> (/usr/local/lib/node_modules/npm/lib/utils/lifecycle.js:279:16)
14 verbose stack     at emitTwo (events.js:106:13)
14 verbose stack     at EventEmitter.emit (events.js:194:7)
14 verbose stack     at ChildProcess.<anonymous> (/usr/local/lib/node_modules/npm/lib/utils/spawn.js:40:14)
14 verbose stack     at emitTwo (events.js:106:13)
14 verbose stack     at ChildProcess.emit (events.js:194:7)
14 verbose stack     at maybeClose (internal/child_process.js:899:16)
14 verbose stack     at Process.ChildProcess._handle.onexit (internal/child_process.js:226:5)
15 verbose pkgid nestedtypes@2.0.0-rc990
16 verbose cwd /Users/vlad.balin/GitHub/NestedTypes
17 error Darwin 16.5.0
18 error argv "/usr/local/Cellar/node/7.7.3/bin/node" "/usr/local/bin/npm" "run" "test"
19 error node v7.7.3
20 error npm  v4.1.2
21 error code ELIFECYCLE
22 error nestedtypes@2.0.0-rc990 test: `mocha`
22 error Exit status 1
23 error Failed at the nestedtypes@2.0.0-rc990 test script 'mocha'.
23 error Make sure you have the latest version of node.js and npm installed.
23 error If you do, this is most likely a problem with the nestedtypes package,
23 error not with npm itself.
23 error Tell the author that this fails on your system:
23 error     mocha
23 error You can get information on how to open an issue for this project with:
23 error     npm bugs nestedtypes
23 error Or if that isn't available, you can get their info via:
23 error     npm owner ls nestedtypes
23 error There is likely additional logging output above.
24 verbose exit [ 1, true ]
